<?xml version="1.0" encoding="UTF-8"?>
<!-- Generated by org.testng.reporters.JUnitReportReporter -->
<testsuite hostname="priyek" name="LoginPagetest.LoginPageTest" tests="2" failures="0" timestamp="4 Mar 2019 22:01:04 GMT" time="0.012" errors="0">
  <testcase name="testPassword" time="0.010" classname="LoginPagetest.LoginPageTest"/>
  <testcase name="testUsername" time="0.002" classname="LoginPagetest.LoginPageTest"/>
</testsuite> <!-- LoginPagetest.LoginPageTest -->
